# Logfile created on 2017-03-13 06:51:16 +0300 by logger.rb/47272
D, [2017-03-13T06:51:16.847276 #40953] DEBUG -- :   [1m[36mUser Load (1.1ms)[0m  [1mSELECT  "users".* FROM "users" WHERE "users"."id" = $1 LIMIT 1[0m  [["id", nil]]
D, [2017-03-13T06:52:15.952341 #41008] DEBUG -- :   [1m[36mUser Load (0.8ms)[0m  [1mSELECT  "users".* FROM "users" WHERE "users"."telegram_id" IS NULL LIMIT 1[0m
D, [2017-03-13T06:52:33.876208 #41032] DEBUG -- :   [1m[36mUser Load (1.1ms)[0m  [1mSELECT  "users".* FROM "users" WHERE "users"."telegram_id" IS NULL LIMIT 1[0m
D, [2017-03-13T06:53:20.667387 #41089] DEBUG -- :   [1m[36mUser Load (1.0ms)[0m  [1mSELECT  "users".* FROM "users" WHERE "users"."telegram_id" IS NULL LIMIT 1[0m
D, [2017-03-13T06:53:39.741923 #41141] DEBUG -- :   [1m[36mUser Load (1.0ms)[0m  [1mSELECT  "users".* FROM "users" WHERE "users"."telegram_id" IS NULL LIMIT 1[0m
D, [2017-03-13T06:53:39.779770 #41141] DEBUG -- :   [1m[35m (7.9ms)[0m  BEGIN
D, [2017-03-13T06:53:39.838738 #41141] DEBUG -- :   [1m[36mSQL (28.6ms)[0m  [1mINSERT INTO "users" ("created_at", "updated_at") VALUES ($1, $2) RETURNING "id"[0m  [["created_at", "2017-03-13 03:53:39.789799"], ["updated_at", "2017-03-13 03:53:39.789799"]]
D, [2017-03-13T06:53:39.842863 #41141] DEBUG -- :   [1m[35m (3.4ms)[0m  COMMIT
D, [2017-03-13T07:00:20.128284 #41663] DEBUG -- :   [1m[36mUser Load (0.9ms)[0m  [1mSELECT  "users".* FROM "users" WHERE "users"."telegram_id" IS NULL LIMIT 1[0m
D, [2017-03-13T07:00:20.153556 #41663] DEBUG -- :   [1m[35mUser Load (0.5ms)[0m  SELECT  "users".* FROM "users" WHERE "users"."telegram_id" IS NULL LIMIT 1
D, [2017-03-13T07:00:20.154825 #41663] DEBUG -- :   [1m[36mUser Load (0.4ms)[0m  [1mSELECT  "users".* FROM "users" WHERE "users"."telegram_id" IS NULL LIMIT 1[0m
D, [2017-03-13T07:00:20.155969 #41663] DEBUG -- :   [1m[35mUser Load (0.4ms)[0m  SELECT  "users".* FROM "users" WHERE "users"."telegram_id" IS NULL LIMIT 1
D, [2017-03-13T07:00:20.156977 #41663] DEBUG -- :   [1m[36mUser Load (0.4ms)[0m  [1mSELECT  "users".* FROM "users" WHERE "users"."telegram_id" IS NULL LIMIT 1[0m
D, [2017-03-13T07:00:20.157973 #41663] DEBUG -- :   [1m[35mUser Load (0.4ms)[0m  SELECT  "users".* FROM "users" WHERE "users"."telegram_id" IS NULL LIMIT 1
D, [2017-03-13T07:00:20.158985 #41663] DEBUG -- :   [1m[36mUser Load (0.4ms)[0m  [1mSELECT  "users".* FROM "users" WHERE "users"."telegram_id" IS NULL LIMIT 1[0m
D, [2017-03-13T07:00:21.931058 #41663] DEBUG -- :   [1m[35mUser Load (0.8ms)[0m  SELECT  "users".* FROM "users" WHERE "users"."telegram_id" IS NULL LIMIT 1
D, [2017-03-13T07:01:22.249431 #41817] DEBUG -- :   [1m[36mUser Load (0.7ms)[0m  [1mSELECT  "users".* FROM "users" WHERE "users"."telegram_id" IS NULL LIMIT 1[0m
D, [2017-03-13T07:04:25.388138 #42170] DEBUG -- :   [1m[36mUser Load (1.0ms)[0m  [1mSELECT  "users".* FROM "users" WHERE "users"."telegram_id" IS NULL LIMIT 1[0m
D, [2017-03-13T07:10:55.439817 #42688] DEBUG -- :   [1m[36mUser Load (0.7ms)[0m  [1mSELECT  "users".* FROM "users" WHERE "users"."telegram_id" IS NULL LIMIT 1[0m
D, [2017-03-13T07:12:34.800540 #42909] DEBUG -- :   [1m[36mUser Load (9.8ms)[0m  [1mSELECT  "users".* FROM "users" WHERE "users"."telegram_id" = $1 LIMIT 1[0m  [["telegram_id", "131109557"]]
D, [2017-03-13T07:12:34.809816 #42909] DEBUG -- :   [1m[35m (0.3ms)[0m  BEGIN
D, [2017-03-13T07:12:34.821050 #42909] DEBUG -- :   [1m[36mSQL (0.6ms)[0m  [1mINSERT INTO "users" ("telegram_id", "first_name", "last_name", "created_at", "updated_at") VALUES ($1, $2, $3, $4, $5) RETURNING "id"[0m  [["telegram_id", "131109557"], ["first_name", "Henry"], ["last_name", "Metlov"], ["created_at", "2017-03-13 04:12:34.818630"], ["updated_at", "2017-03-13 04:12:34.818630"]]
D, [2017-03-13T07:12:34.835235 #42909] DEBUG -- :   [1m[35m (13.5ms)[0m  COMMIT
